0 info it worked if it ends with ok
1 verbose cli [
1 verbose cli   'C:\\Program Files\\nodejs\\node.exe',
1 verbose cli   'C:\\Users\\masud\\AppData\\Roaming\\npm\\node_modules\\npm\\bin\\npm-cli.js',
1 verbose cli   'start'
1 verbose cli ]
2 info using npm@6.14.5
3 info using node@v12.17.0
4 verbose run-script [ 'prestart', 'start', 'poststart' ]
5 info lifecycle mongo@1.0.0~prestart: mongo@1.0.0
6 info lifecycle mongo@1.0.0~start: mongo@1.0.0
7 verbose lifecycle mongo@1.0.0~start: unsafe-perm in lifecycle true
8 verbose lifecycle mongo@1.0.0~start: PATH: C:\Users\masud\AppData\Roaming\npm\node_modules\npm\node_modules\npm-lifecycle\node-gyp-bin;G:\p.hero\projects\node-mongo\node_modules\.bin;C:\Program Files\Git\mingw64\bin;C:\Program Files\Git\usr\bin;C:\Users\masud\bin;C:\Windows\system32;C:\Windows;C:\Windows\System32\Wbem;C:\Windows\System32\WindowsPowerShell\v1.0;C:\Program Files\nodejs;C:\Program Files\Git\cmd;C:\Users\masud\AppData\Roaming\npm;C:\Users\masud\AppData\Local\Programs\Microsoft VS Code\bin
9 verbose lifecycle mongo@1.0.0~start: CWD: G:\p.hero\projects\node-mongo
10 silly lifecycle mongo@1.0.0~start: Args: [ '/d /s /c', 'nodemon index' ]
11 silly lifecycle mongo@1.0.0~start: Returned: code: 1  signal: null
12 info lifecycle mongo@1.0.0~start: Failed to exec start script
13 verbose stack Error: mongo@1.0.0 start: `nodemon index`
13 verbose stack Exit status 1
13 verbose stack     at EventEmitter.<anonymous> (C:\Users\masud\AppData\Roaming\npm\node_modules\npm\node_modules\npm-lifecycle\index.js:332:16)
13 verbose stack     at EventEmitter.emit (events.js:315:20)
13 verbose stack     at ChildProcess.<anonymous> (C:\Users\masud\AppData\Roaming\npm\node_modules\npm\node_modules\npm-lifecycle\lib\spawn.js:55:14)
13 verbose stack     at ChildProcess.emit (events.js:315:20)
13 verbose stack     at maybeClose (internal/child_process.js:1021:16)
13 verbose stack     at Process.ChildProcess._handle.onexit (internal/child_process.js:286:5)
14 verbose pkgid mongo@1.0.0
15 verbose cwd G:\p.hero\projects\node-mongo
16 verbose Windows_NT 6.1.7601
17 verbose argv "C:\\Program Files\\nodejs\\node.exe" "C:\\Users\\masud\\AppData\\Roaming\\npm\\node_modules\\npm\\bin\\npm-cli.js" "start"
18 verbose node v12.17.0
19 verbose npm  v6.14.5
20 error code ELIFECYCLE
21 error errno 1
22 error mongo@1.0.0 start: `nodemon index`
22 error Exit status 1
23 error Failed at the mongo@1.0.0 start script.
23 error This is probably not a problem with npm. There is likely additional logging output above.
24 verbose exit [ 1, true ]
